{"numFailedTestSuites":0,"numFailedTests":0,"numPassedTestSuites":1,"numPassedTests":34,"numPendingTestSuites":0,"numPendingTests":0,"numRuntimeErrorTestSuites":0,"numTodoTests":0,"numTotalTestSuites":1,"numTotalTests":34,"openHandles":[],"snapshot":{"added":0,"didUpdate":false,"failure":false,"filesAdded":0,"filesRemoved":0,"filesRemovedList":[],"filesUnmatched":0,"filesUpdated":0,"matched":0,"total":0,"unchecked":0,"uncheckedKeysByFile":[],"unmatched":0,"updated":0},"startTime":1781587001329,"success":true,"testResults":[{"assertionResults":[{"ancestorTitles":["AuraFit AI Dashboard E2E Tests","Group 1: Initial Page Load & Structure"],"duration":23,"failing":false,"failureDetails":[],"failureMessages":[],"fullName":"AuraFit AI Dashboard E2E Tests Group 1: Initial Page Load & Structure 1. Verify sidebar navigation renders","invocations":1,"location":null,"numPassingAsserts":1,"retryReasons":[],"startAt":1781587005309,"status":"passed","title":"1. Verify sidebar navigation renders"},{"ancestorTitles":["AuraFit AI Dashboard E2E Tests","Group 1: Initial Page Load & Structure"],"duration":41,"failing":false,"failureDetails":[],"failureMessages":[],"fullName":"AuraFit AI Dashboard E2E Tests Group 1: Initial Page Load & Structure 2. Verify main header and Precision Coach branding","invocations":1,"location":null,"numPassingAsserts":1,"retryReasons":[],"startAt":1781587005338,"status":"passed","title":"2. Verify main header and Precision Coach branding"},{"ancestorTitles":["AuraFit AI Dashboard E2E Tests","Group 1: Initial Page Load & Structure"],"duration":61,"failing":false,"failureDetails":[],"failureMessages":[],"fullName":"AuraFit AI Dashboard E2E Tests Group 1: Initial Page Load & Structure 3. Verify the main video feed container exists","invocations":1,"location":null,"numPassingAsserts":1,"retryReasons":[],"startAt":1781587005380,"status":"passed","title":"3. Verify the main video feed container exists"},{"ancestorTitles":["AuraFit AI Dashboard E2E Tests","Group 1: Initial Page Load & Structure"],"duration":28,"failing":false,"failureDetails":[],"failureMessages":[],"fullName":"AuraFit AI Dashboard E2E Tests Group 1: Initial Page Load & Structure 4. Verify HUD metrics container renders","invocations":1,"location":null,"numPassingAsserts":1,"retryReasons":[],"startAt":1781587005442,"status":"passed","title":"4. Verify HUD metrics container renders"},{"ancestorTitles":["AuraFit AI Dashboard E2E Tests","Group 1: Initial Page Load & Structure"],"duration":56,"failing":false,"failureDetails":[],"failureMessages":[],"fullName":"AuraFit AI Dashboard E2E Tests Group 1: Initial Page Load & Structure 5. Verify control buttons (Start, Stop, Reset) exist","invocations":1,"location":null,"numPassingAsserts":1,"retryReasons":[],"startAt":1781587005471,"status":"passed","title":"5. Verify control buttons (Start, Stop, Reset) exist"},{"ancestorTitles":["AuraFit AI Dashboard E2E Tests","Group 1: Initial Page Load & Structure"],"duration":294,"failing":false,"failureDetails":[],"failureMessages":[],"fullName":"AuraFit AI Dashboard E2E Tests Group 1: Initial Page Load & Structure 6. Verify Execution Guide panel exists","invocations":1,"location":null,"numPassingAsserts":1,"retryReasons":[],"startAt":1781587005528,"status":"passed","title":"6. Verify Execution Guide panel exists"},{"ancestorTitles":["AuraFit AI Dashboard E2E Tests","Group 2: HUD Initial State Verification"],"duration":61,"failing":false,"failureDetails":[],"failureMessages":[],"fullName":"AuraFit AI Dashboard E2E Tests Group 2: HUD Initial State Verification 7. Verify Calories defaults to 0","invocations":1,"location":null,"numPassingAsserts":1,"retryReasons":[],"startAt":1781587005823,"status":"passed","title":"7. Verify Calories defaults to 0"},{"ancestorTitles":["AuraFit AI Dashboard E2E Tests","Group 2: HUD Initial State Verification"],"duration":71,"failing":false,"failureDetails":[],"failureMessages":[],"fullName":"AuraFit AI Dashboard E2E Tests Group 2: HUD Initial State Verification 8. Verify Sets Done defaults to 0 / 4 (for Bench Press default)","invocations":1,"location":null,"numPassingAsserts":1,"retryReasons":[],"startAt":1781587005885,"status":"passed","title":"8. Verify Sets Done defaults to 0 / 4 (for Bench Press default)"},{"ancestorTitles":["AuraFit AI Dashboard E2E Tests","Group 2: HUD Initial State Verification"],"duration":48,"failing":false,"failureDetails":[],"failureMessages":[],"fullName":"AuraFit AI Dashboard E2E Tests Group 2: HUD Initial State Verification 9. Verify Progress defaults to 0","invocations":1,"location":null,"numPassingAsserts":1,"retryReasons":[],"startAt":1781587005957,"status":"passed","title":"9. Verify Progress defaults to 0"},{"ancestorTitles":["AuraFit AI Dashboard E2E Tests","Group 2: HUD Initial State Verification"],"duration":61,"failing":false,"failureDetails":[],"failureMessages":[],"fullName":"AuraFit AI Dashboard E2E Tests Group 2: HUD Initial State Verification 10. Verify Time Elapsed defaults to 00:00","invocations":1,"location":null,"numPassingAsserts":1,"retryReasons":[],"startAt":1781587006006,"status":"passed","title":"10. Verify Time Elapsed defaults to 00:00"},{"ancestorTitles":["AuraFit AI Dashboard E2E Tests","Group 3: Workout Selection Modal"],"duration":279,"failing":false,"failureDetails":[],"failureMessages":[],"fullName":"AuraFit AI Dashboard E2E Tests Group 3: Workout Selection Modal 12. Verify clicking \"Set Workout\" opens the modal","invocations":1,"location":null,"numPassingAsserts":1,"retryReasons":[],"startAt":1781587006068,"status":"passed","title":"12. Verify clicking \"Set Workout\" opens the modal"},{"ancestorTitles":["AuraFit AI Dashboard E2E Tests","Group 3: Workout Selection Modal"],"duration":741,"failing":false,"failureDetails":[],"failureMessages":[],"fullName":"AuraFit AI Dashboard E2E Tests Group 3: Workout Selection Modal 13. Verify clicking Close hides the modal","invocations":1,"location":null,"numPassingAsserts":1,"retryReasons":[],"startAt":1781587006347,"status":"passed","title":"13. Verify clicking Close hides the modal"},{"ancestorTitles":["AuraFit AI Dashboard E2E Tests","Group 3: Workout Selection Modal"],"duration":281,"failing":false,"failureDetails":[],"failureMessages":[],"fullName":"AuraFit AI Dashboard E2E Tests Group 3: Workout Selection Modal 14. Verify Workouts sidebar link opens exercise selector (Workouts Tab)","invocations":1,"location":null,"numPassingAsserts":1,"retryReasons":[],"startAt":1781587007089,"status":"passed","title":"14. Verify Workouts sidebar link opens exercise selector (Workouts Tab)"},{"ancestorTitles":["AuraFit AI Dashboard E2E Tests","Group 3: Workout Selection Modal"],"duration":87,"failing":false,"failureDetails":[],"failureMessages":[],"fullName":"AuraFit AI Dashboard E2E Tests Group 3: Workout Selection Modal 15. Verify Push-up option exists","invocations":1,"location":null,"numPassingAsserts":1,"retryReasons":[],"startAt":1781587007371,"status":"passed","title":"15. Verify Push-up option exists"},{"ancestorTitles":["AuraFit AI Dashboard E2E Tests","Group 3: Workout Selection Modal"],"duration":59,"failing":false,"failureDetails":[],"failureMessages":[],"fullName":"AuraFit AI Dashboard E2E Tests Group 3: Workout Selection Modal 16. Verify Squat option exists","invocations":1,"location":null,"numPassingAsserts":1,"retryReasons":[],"startAt":1781587007459,"status":"passed","title":"16. Verify Squat option exists"},{"ancestorTitles":["AuraFit AI Dashboard E2E Tests","Group 3: Workout Selection Modal"],"duration":59,"failing":false,"failureDetails":[],"failureMessages":[],"fullName":"AuraFit AI Dashboard E2E Tests Group 3: Workout Selection Modal 17. Verify Lunge option exists","invocations":1,"location":null,"numPassingAsserts":1,"retryReasons":[],"startAt":1781587007519,"status":"passed","title":"17. Verify Lunge option exists"},{"ancestorTitles":["AuraFit AI Dashboard E2E Tests","Group 3: Workout Selection Modal"],"duration":80,"failing":false,"failureDetails":[],"failureMessages":[],"fullName":"AuraFit AI Dashboard E2E Tests Group 3: Workout Selection Modal 18. Verify Plank option exists","invocations":1,"location":null,"numPassingAsserts":1,"retryReasons":[],"startAt":1781587007579,"status":"passed","title":"18. Verify Plank option exists"},{"ancestorTitles":["AuraFit AI Dashboard E2E Tests","Group 3: Workout Selection Modal"],"duration":281,"failing":false,"failureDetails":[],"failureMessages":[],"fullName":"AuraFit AI Dashboard E2E Tests Group 3: Workout Selection Modal 19. Verify Bicep Curl option exists","invocations":1,"location":null,"numPassingAsserts":1,"retryReasons":[],"startAt":1781587007660,"status":"passed","title":"19. Verify Bicep Curl option exists"},{"ancestorTitles":["AuraFit AI Dashboard E2E Tests","Group 3: Workout Selection Modal"],"duration":66,"failing":false,"failureDetails":[],"failureMessages":[],"fullName":"AuraFit AI Dashboard E2E Tests Group 3: Workout Selection Modal 20. Verify Shoulder Press option exists","invocations":1,"location":null,"numPassingAsserts":1,"retryReasons":[],"startAt":1781587007942,"status":"passed","title":"20. Verify Shoulder Press option exists"},{"ancestorTitles":["AuraFit AI Dashboard E2E Tests","Group 3: Workout Selection Modal"],"duration":76,"failing":false,"failureDetails":[],"failureMessages":[],"fullName":"AuraFit AI Dashboard E2E Tests Group 3: Workout Selection Modal 21. Verify Deadlift option exists","invocations":1,"location":null,"numPassingAsserts":1,"retryReasons":[],"startAt":1781587008009,"status":"passed","title":"21. Verify Deadlift option exists"},{"ancestorTitles":["AuraFit AI Dashboard E2E Tests","Group 4: Dynamic Data Updates"],"duration":317,"failing":false,"failureDetails":[],"failureMessages":[],"fullName":"AuraFit AI Dashboard E2E Tests Group 4: Dynamic Data Updates 22. Verify selecting Push-Up updates the main header title","invocations":1,"location":null,"numPassingAsserts":1,"retryReasons":[],"startAt":1781587008086,"status":"passed","title":"22. Verify selecting Push-Up updates the main header title"},{"ancestorTitles":["AuraFit AI Dashboard E2E Tests","Group 4: Dynamic Data Updates"],"duration":61,"failing":false,"failureDetails":[],"failureMessages":[],"fullName":"AuraFit AI Dashboard E2E Tests Group 4: Dynamic Data Updates 23. Verify selecting a workout updates the target muscle group text","invocations":1,"location":null,"numPassingAsserts":1,"retryReasons":[],"startAt":1781587008404,"status":"passed","title":"23. Verify selecting a workout updates the target muscle group text"},{"ancestorTitles":["AuraFit AI Dashboard E2E Tests","Group 4: Dynamic Data Updates"],"duration":66,"failing":false,"failureDetails":[],"failureMessages":[],"fullName":"AuraFit AI Dashboard E2E Tests Group 4: Dynamic Data Updates 24. Verify the YouTube tutorial link renders","invocations":1,"location":null,"numPassingAsserts":1,"retryReasons":[],"startAt":1781587008465,"status":"passed","title":"24. Verify the YouTube tutorial link renders"},{"ancestorTitles":["AuraFit AI Dashboard E2E Tests","Group 4: Dynamic Data Updates"],"duration":377,"failing":false,"failureDetails":[],"failureMessages":[],"fullName":"AuraFit AI Dashboard E2E Tests Group 4: Dynamic Data Updates 24. Verify the Execution Guide list populates with steps","invocations":1,"location":null,"numPassingAsserts":1,"retryReasons":[],"startAt":1781587008532,"status":"passed","title":"24. Verify the Execution Guide list populates with steps"},{"ancestorTitles":["AuraFit AI Dashboard E2E Tests","Group 4: Dynamic Data Updates"],"duration":987,"failing":false,"failureDetails":[],"failureMessages":[],"fullName":"AuraFit AI Dashboard E2E Tests Group 4: Dynamic Data Updates 26. Verify selecting Plank updates the timer HUD mode","invocations":1,"location":null,"numPassingAsserts":1,"retryReasons":[],"startAt":1781587008910,"status":"passed","title":"26. Verify selecting Plank updates the timer HUD mode"},{"ancestorTitles":["AuraFit AI Dashboard E2E Tests","Group 4: Dynamic Data Updates"],"duration":990,"failing":false,"failureDetails":[],"failureMessages":[],"fullName":"AuraFit AI Dashboard E2E Tests Group 4: Dynamic Data Updates 27. Verify selecting Mountain Climber updates target reps","invocations":1,"location":null,"numPassingAsserts":1,"retryReasons":[],"startAt":1781587009897,"status":"passed","title":"27. Verify selecting Mountain Climber updates target reps"},{"ancestorTitles":["AuraFit AI Dashboard E2E Tests","Group 4: Dynamic Data Updates"],"duration":2067,"failing":false,"failureDetails":[],"failureMessages":[],"fullName":"AuraFit AI Dashboard E2E Tests Group 4: Dynamic Data Updates 28. Verify changing Target Reps in Set Workout modal works","invocations":1,"location":null,"numPassingAsserts":1,"retryReasons":[],"startAt":1781587010888,"status":"passed","title":"28. Verify changing Target Reps in Set Workout modal works"},{"ancestorTitles":["AuraFit AI Dashboard E2E Tests","Group 4: Dynamic Data Updates"],"duration":1588,"failing":false,"failureDetails":[],"failureMessages":[],"fullName":"AuraFit AI Dashboard E2E Tests Group 4: Dynamic Data Updates 29. Verify changing Target Sets in Set Workout modal works","invocations":1,"location":null,"numPassingAsserts":1,"retryReasons":[],"startAt":1781587012955,"status":"passed","title":"29. Verify changing Target Sets in Set Workout modal works"},{"ancestorTitles":["AuraFit AI Dashboard E2E Tests","Group 5: Controls & Interactivity"],"duration":34,"failing":false,"failureDetails":[],"failureMessages":[],"fullName":"AuraFit AI Dashboard E2E Tests Group 5: Controls & Interactivity 30. Verify Start button is clickable and toggles state","invocations":1,"location":null,"numPassingAsserts":1,"retryReasons":[],"startAt":1781587014544,"status":"passed","title":"30. Verify Start button is clickable and toggles state"},{"ancestorTitles":["AuraFit AI Dashboard E2E Tests","Group 5: Controls & Interactivity"],"duration":45,"failing":false,"failureDetails":[],"failureMessages":[],"fullName":"AuraFit AI Dashboard E2E Tests Group 5: Controls & Interactivity 31. Verify Stop button is disabled initially","invocations":1,"location":null,"numPassingAsserts":1,"retryReasons":[],"startAt":1781587014579,"status":"passed","title":"31. Verify Stop button is disabled initially"},{"ancestorTitles":["AuraFit AI Dashboard E2E Tests","Group 5: Controls & Interactivity"],"duration":43,"failing":false,"failureDetails":[],"failureMessages":[],"fullName":"AuraFit AI Dashboard E2E Tests Group 5: Controls & Interactivity 32. Verify Save Result button is clickable","invocations":1,"location":null,"numPassingAsserts":1,"retryReasons":[],"startAt":1781587014625,"status":"passed","title":"32. Verify Save Result button is clickable"},{"ancestorTitles":["AuraFit AI Dashboard E2E Tests","Group 5: Controls & Interactivity"],"duration":48,"failing":false,"failureDetails":[],"failureMessages":[],"fullName":"AuraFit AI Dashboard E2E Tests Group 5: Controls & Interactivity 33. Verify Progress navigation link exists","invocations":1,"location":null,"numPassingAsserts":1,"retryReasons":[],"startAt":1781587014669,"status":"passed","title":"33. Verify Progress navigation link exists"},{"ancestorTitles":["AuraFit AI Dashboard E2E Tests","Group 5: Controls & Interactivity"],"duration":143,"failing":false,"failureDetails":[],"failureMessages":[],"fullName":"AuraFit AI Dashboard E2E Tests Group 5: Controls & Interactivity 34. Verify Favorites navigation link exists","invocations":1,"location":null,"numPassingAsserts":1,"retryReasons":[],"startAt":1781587014718,"status":"passed","title":"34. Verify Favorites navigation link exists"},{"ancestorTitles":["AuraFit AI Dashboard E2E Tests","Group 5: Controls & Interactivity"],"duration":550,"failing":false,"failureDetails":[],"failureMessages":[],"fullName":"AuraFit AI Dashboard E2E Tests Group 5: Controls & Interactivity 35. Verify Home navigation link works and returns to Home","invocations":1,"location":null,"numPassingAsserts":1,"retryReasons":[],"startAt":1781587014862,"status":"passed","title":"35. Verify Home navigation link works and returns to Home"}],"endTime":1781587015504,"message":"","name":"C:\\Users\\ganes\\OneDrive\\Dokumen\\PDD AI GYM chnage\\tests\\e2e\\dashboard.test.ts","startTime":1781587001585,"status":"passed","summary":""}],"wasInterrupted":false}
